<?xml version="1.0" encoding="UTF-8"?>
<!-- Generated by org.testng.reporters.JUnitReportReporter -->
<testsuite hostname="DESKTOP-LGS2HSE" failures="0" tests="1" name="com.autotest.AutomationTest.YoutubePlayerCommands" time="34.725" errors="0" timestamp="2024-03-07T01:40:32 PST" skipped="0">
  <testcase classname="com.autotest.AutomationTest.YoutubePlayerCommands" name="MiniPlayerOnOff" time="34.725"/>
  <system-out/>
</testsuite> <!-- com.autotest.AutomationTest.YoutubePlayerCommands -->
